# JRE version: OpenJDK Runtime Environment (21.0.2+13) (build 21.0.2+13-58)
# Java VM: OpenJDK 64-Bit Server VM (21.0.2+13-58, mixed mode, sharing, tiered, compressed oops, compressed class ptrs, serial gc, windows-amd64)
GC Precious Log:
 CardTable entry size: 512
 CPUs: 2 total, 2 available
 Memory: 8145M
 Large Page Support: Disabled
 NUMA Support: Disabled
 Compressed Oops: Enabled (32-bit)
 Heap Min Capacity: 8M
 Heap Initial Capacity: 128M
 Heap Max Capacity: 2038M
 Pre-touch: Disabled
Heap:
 def new generation   total 113280K, used 12543K [0x0000000080a00000, 0x00000000884e0000, 0x00000000ab150000)
  eden space 100736K,   0% used [0x0000000080a00000, 0x0000000080a00000, 0x0000000086c60000)
  from space 12544K,  99% used [0x0000000086c60000, 0x000000008789fff0, 0x00000000878a0000)
  to   space 12544K,   0% used [0x00000000878a0000, 0x00000000878a0000, 0x00000000884e0000)
 tenured generation   total 325340K, used 325195K [0x00000000ab150000, 0x00000000bef07000, 0x0000000100000000)
   the space 325340K,  99% used [0x00000000ab150000, 0x00000000beee2e00, 0x00000000beee2e00, 0x00000000bef07000)
 Metaspace       used 1245K, committed 1408K, reserved 1114112K
  class space    used 104K, committed 192K, reserved 1048576K
GC Heap History (20 events):
Event: 144.702 GC heap after
{Heap after GC invocations=745 (full 371):
 def new generation   total 113280K, used 12543K [0x0000000080a00000, 0x00000000884e0000, 0x00000000ab150000)
  eden space 100736K,   0% used [0x0000000080a00000, 0x0000000080a00000, 0x0000000086c60000)
  from space 12544K,  99% used [0x0000000086c60000, 0x000000008789fff0, 0x00000000878a0000)
  to   space 12544K,   0% used [0x00000000878a0000, 0x00000000878a0000, 0x00000000884e0000)
 tenured generation   total 325340K, used 325195K [0x00000000ab150000, 0x00000000bef07000, 0x0000000100000000)
   the space 325340K,  99% used [0x00000000ab150000, 0x00000000beee2e00, 0x00000000beee2e00, 0x00000000bef07000)
 Metaspace       used 1245K, committed 1408K, reserved 1114112K
  class space    used 104K, committed 192K, reserved 1048576K
}
Event: 144.702 GC heap before
{Heap before GC invocations=745 (full 371):
 def new generation   total 113280K, used 12543K [0x0000000080a00000, 0x00000000884e0000, 0x00000000ab150000)
  eden space 100736K,   0% used [0x0000000080a00000, 0x0000000080a00000, 0x0000000086c60000)
  from space 12544K,  99% used [0x0000000086c60000, 0x000000008789fff0, 0x00000000878a0000)
  to   space 12544K,   0% used [0x00000000878a0000, 0x00000000878a0000, 0x00000000884e0000)
 tenured generation   total 325340K, used 325195K [0x00000000ab150000, 0x00000000bef07000, 0x0000000100000000)
   the space 325340K,  99% used [0x00000000ab150000, 0x00000000beee2e00, 0x00000000beee2e00, 0x00000000bef07000)
 Metaspace       used 1245K, committed 1408K, reserved 1114112K
  class space    used 104K, committed 192K, reserved 1048576K
}
Event: 144.845 GC heap after
{Heap after GC invocations=745 (full 372):
 def new generation   total 113280K, used 0K [0x0000000080a00000, 0x00000000884e0000, 0x00000000ab150000)
  eden space 100736K,   0% used [0x0000000080a00000, 0x0000000080a00000, 0x0000000086c60000)
  from space 12544K,   0% used [0x0000000086c60000, 0x0000000086c60000, 0x00000000878a0000)
  to   space 12544K,   0% used [0x00000000878a0000, 0x00000000878a0000, 0x00000000884e0000)
 tenured generation   total 251612K, used 146460K [0x00000000ab150000, 0x00000000ba707000, 0x0000000100000000)
   the space 251612K,  58% used [0x00000000ab150000, 0x00000000b4057138, 0x00000000b4057200, 0x00000000ba707000)
 Metaspace       used 1245K, committed 1408K, reserved 1114112K
  class space    used 104K, committed 192K, reserved 1048576K
}
Event: 144.874 GC heap before
{Heap before GC invocations=745 (full 372):
 def new generation   total 113280K, used 100736K [0x0000000080a00000, 0x00000000884e0000, 0x00000000ab150000)
  eden space 100736K, 100% used [0x0000000080a00000, 0x0000000086c60000, 0x0000000086c60000)
  from space 12544K,   0% used [0x0000000086c60000, 0x0000000086c60000, 0x00000000878a0000)
  to   space 12544K,   0% used [0x00000000878a0000, 0x00000000878a0000, 0x00000000884e0000)
 tenured generation   total 251612K, used 146460K [0x00000000ab150000, 0x00000000ba707000, 0x0000000100000000)
   the space 251612K,  58% used [0x00000000ab150000, 0x00000000b4057138, 0x00000000b4057200, 0x00000000ba707000)
 Metaspace       used 1245K, committed 1408K, reserved 1114112K
  class space    used 104K, committed 192K, reserved 1048576K
}
Event: 144.939 GC heap after
{Heap after GC invocations=746 (full 372):
 def new generation   total 113280K, used 12543K [0x0000000080a00000, 0x00000000884e0000, 0x00000000ab150000)
  eden space 100736K,   0% used [0x0000000080a00000, 0x0000000080a00000, 0x0000000086c60000)
  from space 12544K,  99% used [0x00000000878a0000, 0x00000000884dfff0, 0x00000000884e0000)
  to   space 12544K,   0% used [0x0000000086c60000, 0x0000000086c60000, 0x00000000878a0000)
 tenured generation   total 251612K, used 234621K [0x00000000ab150000, 0x00000000ba707000, 0x0000000100000000)
   the space 251612K,  93% used [0x00000000ab150000, 0x00000000b966f6a0, 0x00000000b966f800, 0x00000000ba707000)
 Metaspace       used 1245K, committed 1408K, reserved 1114112K
  class space    used 104K, committed 192K, reserved 1048576K
}
Event: 144.974 GC heap before
{Heap before GC invocations=746 (full 372):
 def new generation   total 113280K, used 113279K [0x0000000080a00000, 0x00000000884e0000, 0x00000000ab150000)
  eden space 100736K, 100% used [0x0000000080a00000, 0x0000000086c60000, 0x0000000086c60000)
  from space 12544K,  99% used [0x00000000878a0000, 0x00000000884dfff0, 0x00000000884e0000)
  to   space 12544K,   0% used [0x0000000086c60000, 0x0000000086c60000, 0x00000000878a0000)
 tenured generation   total 251612K, used 234621K [0x00000000ab150000, 0x00000000ba707000, 0x0000000100000000)
   the space 251612K,  93% used [0x00000000ab150000, 0x00000000b966f6a0, 0x00000000b966f800, 0x00000000ba707000)
 Metaspace       used 1245K, committed 1408K, reserved 1114112K
  class space    used 104K, committed 192K, reserved 1048576K
}
Event: 145.112 GC heap after
{Heap after GC invocations=747 (full 372):
 def new generation   total 113280K, used 12543K [0x0000000080a00000, 0x00000000884e0000, 0x00000000ab150000)
  eden space 100736K,   0% used [0x0000000080a00000, 0x0000000080a00000, 0x0000000086c60000)
  from space 12544K,  99% used [0x0000000086c60000, 0x000000008789fff0, 0x00000000878a0000)
  to   space 12544K,   0% used [0x00000000878a0000, 0x00000000878a0000, 0x00000000884e0000)
 tenured generation   total 325340K, used 325195K [0x00000000ab150000, 0x00000000bef07000, 0x0000000100000000)
   the space 325340K,  99% used [0x00000000ab150000, 0x00000000beee2ef0, 0x00000000beee3000, 0x00000000bef07000)
 Metaspace       used 1245K, committed 1408K, reserved 1114112K
  class space    used 104K, committed 192K, reserved 1048576K
}
Event: 145.112 GC heap before
{Heap before GC invocations=747 (full 372):
 def new generation   total 113280K, used 12543K [0x0000000080a00000, 0x00000000884e0000, 0x00000000ab150000)
  eden space 100736K,   0% used [0x0000000080a00000, 0x0000000080a00000, 0x0000000086c60000)
  from space 12544K,  99% used [0x0000000086c60000, 0x000000008789fff0, 0x00000000878a0000)
  to   space 12544K,   0% used [0x00000000878a0000, 0x00000000878a0000, 0x00000000884e0000)
 tenured generation   total 325340K, used 325195K [0x00000000ab150000, 0x00000000bef07000, 0x0000000100000000)
   the space 325340K,  99% used [0x00000000ab150000, 0x00000000beee2ef0, 0x00000000beee3000, 0x00000000bef07000)
 Metaspace       used 1245K, committed 1408K, reserved 1114112K
  class space    used 104K, committed 192K, reserved 1048576K
}
Event: 145.348 GC heap after
{Heap after GC invocations=747 (full 373):
 def new generation   total 113280K, used 0K [0x0000000080a00000, 0x00000000884e0000, 0x00000000ab150000)
  eden space 100736K,   0% used [0x0000000080a00000, 0x0000000080a00000, 0x0000000086c60000)
  from space 12544K,   0% used [0x0000000086c60000, 0x0000000086c60000, 0x00000000878a0000)
  to   space 12544K,   0% used [0x00000000878a0000, 0x00000000878a0000, 0x00000000884e0000)
 tenured generation   total 251612K, used 146460K [0x00000000ab150000, 0x00000000ba707000, 0x0000000100000000)
   the space 251612K,  58% used [0x00000000ab150000, 0x00000000b4057138, 0x00000000b4057200, 0x00000000ba707000)
 Metaspace       used 1245K, committed 1408K, reserved 1114112K
  class space    used 104K, committed 192K, reserved 1048576K
}
Event: 145.390 GC heap before
{Heap before GC invocations=747 (full 373):
 def new generation   total 113280K, used 100736K [0x0000000080a00000, 0x00000000884e0000, 0x00000000ab150000)
  eden space 100736K, 100% used [0x0000000080a00000, 0x0000000086c60000, 0x0000000086c60000)
  from space 12544K,   0% used [0x0000000086c60000, 0x0000000086c60000, 0x00000000878a0000)
  to   space 12544K,   0% used [0x00000000878a0000, 0x00000000878a0000, 0x00000000884e0000)
 tenured generation   total 251612K, used 146460K [0x00000000ab150000, 0x00000000ba707000, 0x0000000100000000)
   the space 251612K,  58% used [0x00000000ab150000, 0x00000000b4057138, 0x00000000b4057200, 0x00000000ba707000)
 Metaspace       used 1245K, committed 1408K, reserved 1114112K
  class space    used 104K, committed 192K, reserved 1048576K
}
Event: 145.449 GC heap after
{Heap after GC invocations=748 (full 373):
 def new generation   total 113280K, used 12543K [0x0000000080a00000, 0x00000000884e0000, 0x00000000ab150000)
  eden space 100736K,   0% used [0x0000000080a00000, 0x0000000080a00000, 0x0000000086c60000)
  from space 12544K,  99% used [0x00000000878a0000, 0x00000000884dfff0, 0x00000000884e0000)
  to   space 12544K,   0% used [0x0000000086c60000, 0x0000000086c60000, 0x00000000878a0000)
 tenured generation   total 251612K, used 234621K [0x00000000ab150000, 0x00000000ba707000, 0x0000000100000000)
   the space 251612K,  93% used [0x00000000ab150000, 0x00000000b966f508, 0x00000000b966f600, 0x00000000ba707000)
 Metaspace       used 1245K, committed 1408K, reserved 1114112K
  class space    used 104K, committed 192K, reserved 1048576K
}
Event: 145.479 GC heap before
{Heap before GC invocations=748 (full 373):
 def new generation   total 113280K, used 113279K [0x0000000080a00000, 0x00000000884e0000, 0x00000000ab150000)
  eden space 100736K, 100% used [0x0000000080a00000, 0x0000000086c60000, 0x0000000086c60000)
  from space 12544K,  99% used [0x00000000878a0000, 0x00000000884dfff0, 0x00000000884e0000)
  to   space 12544K,   0% used [0x0000000086c60000, 0x0000000086c60000, 0x00000000878a0000)
 tenured generation   total 251612K, used 234621K [0x00000000ab150000, 0x00000000ba707000, 0x0000000100000000)
   the space 251612K,  93% used [0x00000000ab150000, 0x00000000b966f508, 0x00000000b966f600, 0x00000000ba707000)
 Metaspace       used 1245K, committed 1408K, reserved 1114112K
  class space    used 104K, committed 192K, reserved 1048576K
}
Event: 145.572 GC heap after
{Heap after GC invocations=749 (full 373):
 def new generation   total 113280K, used 12543K [0x0000000080a00000, 0x00000000884e0000, 0x00000000ab150000)
  eden space 100736K,   0% used [0x0000000080a00000, 0x0000000080a00000, 0x0000000086c60000)
  from space 12544K,  99% used [0x0000000086c60000, 0x000000008789fff0, 0x00000000878a0000)
  to   space 12544K,   0% used [0x00000000878a0000, 0x00000000878a0000, 0x00000000884e0000)
 tenured generation   total 325340K, used 325195K [0x00000000ab150000, 0x00000000bef07000, 0x0000000100000000)
   the space 325340K,  99% used [0x00000000ab150000, 0x00000000beee2ef0, 0x00000000beee3000, 0x00000000bef07000)
 Metaspace       used 1245K, committed 1408K, reserved 1114112K
  class space    used 104K, committed 192K, reserved 1048576K
}
Event: 145.572 GC heap before
{Heap before GC invocations=749 (full 373):
 def new generation   total 113280K, used 12543K [0x0000000080a00000, 0x00000000884e0000, 0x00000000ab150000)
  eden space 100736K,   0% used [0x0000000080a00000, 0x0000000080a00000, 0x0000000086c60000)
  from space 12544K,  99% used [0x0000000086c60000, 0x000000008789fff0, 0x00000000878a0000)
  to   space 12544K,   0% used [0x00000000878a0000, 0x00000000878a0000, 0x00000000884e0000)
 tenured generation   total 325340K, used 325195K [0x00000000ab150000, 0x00000000bef07000, 0x0000000100000000)
   the space 325340K,  99% used [0x00000000ab150000, 0x00000000beee2ef0, 0x00000000beee3000, 0x00000000bef07000)
 Metaspace       used 1245K, committed 1408K, reserved 1114112K
  class space    used 104K, committed 192K, reserved 1048576K
}
Event: 145.737 GC heap after
{Heap after GC invocations=749 (full 374):
 def new generation   total 113280K, used 0K [0x0000000080a00000, 0x00000000884e0000, 0x00000000ab150000)
  eden space 100736K,   0% used [0x0000000080a00000, 0x0000000080a00000, 0x0000000086c60000)
  from space 12544K,   0% used [0x0000000086c60000, 0x0000000086c60000, 0x00000000878a0000)
  to   space 12544K,   0% used [0x00000000878a0000, 0x00000000878a0000, 0x00000000884e0000)
 tenured generation   total 251612K, used 146460K [0x00000000ab150000, 0x00000000ba707000, 0x0000000100000000)
   the space 251612K,  58% used [0x00000000ab150000, 0x00000000b40571b0, 0x00000000b4057200, 0x00000000ba707000)
 Metaspace       used 1245K, committed 1408K, reserved 1114112K
  class space    used 104K, committed 192K, reserved 1048576K
}
Event: 145.795 GC heap before
{Heap before GC invocations=749 (full 374):
 def new generation   total 113280K, used 100736K [0x0000000080a00000, 0x00000000884e0000, 0x00000000ab150000)
  eden space 100736K, 100% used [0x0000000080a00000, 0x0000000086c60000, 0x0000000086c60000)
  from space 12544K,   0% used [0x0000000086c60000, 0x0000000086c60000, 0x00000000878a0000)
  to   space 12544K,   0% used [0x00000000878a0000, 0x00000000878a0000, 0x00000000884e0000)
 tenured generation   total 251612K, used 146460K [0x00000000ab150000, 0x00000000ba707000, 0x0000000100000000)
   the space 251612K,  58% used [0x00000000ab150000, 0x00000000b40571b0, 0x00000000b4057200, 0x00000000ba707000)
 Metaspace       used 1245K, committed 1408K, reserved 1114112K
  class space    used 104K, committed 192K, reserved 1048576K
}
Event: 145.892 GC heap after
{Heap after GC invocations=750 (full 374):
 def new generation   total 113280K, used 12543K [0x0000000080a00000, 0x00000000884e0000, 0x00000000ab150000)
  eden space 100736K,   0% used [0x0000000080a00000, 0x0000000080a00000, 0x0000000086c60000)
  from space 12544K,  99% used [0x00000000878a0000, 0x00000000884dfff0, 0x00000000884e0000)
  to   space 12544K,   0% used [0x0000000086c60000, 0x0000000086c60000, 0x00000000878a0000)
 tenured generation   total 251612K, used 234621K [0x00000000ab150000, 0x00000000ba707000, 0x0000000100000000)
   the space 251612K,  93% used [0x00000000ab150000, 0x00000000b966f598, 0x00000000b966f600, 0x00000000ba707000)
 Metaspace       used 1245K, committed 1408K, reserved 1114112K
  class space    used 104K, committed 192K, reserved 1048576K
}
Event: 145.950 GC heap before
{Heap before GC invocations=750 (full 374):
 def new generation   total 113280K, used 113279K [0x0000000080a00000, 0x00000000884e0000, 0x00000000ab150000)
  eden space 100736K, 100% used [0x0000000080a00000, 0x0000000086c60000, 0x0000000086c60000)
  from space 12544K,  99% used [0x00000000878a0000, 0x00000000884dfff0, 0x00000000884e0000)
  to   space 12544K,   0% used [0x0000000086c60000, 0x0000000086c60000, 0x00000000878a0000)
 tenured generation   total 251612K, used 234621K [0x00000000ab150000, 0x00000000ba707000, 0x0000000100000000)
   the space 251612K,  93% used [0x00000000ab150000, 0x00000000b966f598, 0x00000000b966f600, 0x00000000ba707000)
 Metaspace       used 1245K, committed 1408K, reserved 1114112K
  class space    used 104K, committed 192K, reserved 1048576K
}
Event: 146.046 GC heap after
{Heap after GC invocations=751 (full 374):
 def new generation   total 113280K, used 12543K [0x0000000080a00000, 0x00000000884e0000, 0x00000000ab150000)
  eden space 100736K,   0% used [0x0000000080a00000, 0x0000000080a00000, 0x0000000086c60000)
  from space 12544K,  99% used [0x0000000086c60000, 0x000000008789fff0, 0x00000000878a0000)
  to   space 12544K,   0% used [0x00000000878a0000, 0x00000000878a0000, 0x00000000884e0000)
 tenured generation   total 325340K, used 325195K [0x00000000ab150000, 0x00000000bef07000, 0x0000000100000000)
   the space 325340K,  99% used [0x00000000ab150000, 0x00000000beee2e00, 0x00000000beee2e00, 0x00000000bef07000)
 Metaspace       used 1245K, committed 1408K, reserved 1114112K
  class space    used 104K, committed 192K, reserved 1048576K
}
Event: 146.046 GC heap before
{Heap before GC invocations=751 (full 374):
 def new generation   total 113280K, used 12543K [0x0000000080a00000, 0x00000000884e0000, 0x00000000ab150000)
  eden space 100736K,   0% used [0x0000000080a00000, 0x0000000080a00000, 0x0000000086c60000)
  from space 12544K,  99% used [0x0000000086c60000, 0x000000008789fff0, 0x00000000878a0000)
  to   space 12544K,   0% used [0x00000000878a0000, 0x00000000878a0000, 0x00000000884e0000)
 tenured generation   total 325340K, used 325195K [0x00000000ab150000, 0x00000000bef07000, 0x0000000100000000)
   the space 325340K,  99% used [0x00000000ab150000, 0x00000000beee2e00, 0x00000000beee2e00, 0x00000000bef07000)
 Metaspace       used 1245K, committed 1408K, reserved 1114112K
  class space    used 104K, committed 192K, reserved 1048576K
}

