# JRE version: OpenJDK Runtime Environment (21.0.2+13) (build 21.0.2+13-58)
# Java VM: OpenJDK 64-Bit Server VM (21.0.2+13-58, mixed mode, sharing, tiered, compressed oops, compressed class ptrs, g1 gc, windows-amd64)
GC Precious Log:
 CardTable entry size: 512
 Card Set container configuration: InlinePtr #cards 5 size 8 Array Of Cards #cards 12 size 40 Howl #buckets 4 coarsen threshold 1843 Howl Bitmap #cards 512 size 80 coarsen threshold 460 Card regions per heap region 1 cards per card region 2048
 CPUs: 2 total, 2 available
 Memory: 8145M
 Large Page Support: Disabled
 NUMA Support: Disabled
 Compressed Oops: Enabled (32-bit)
 Heap Region Size: 1M
 Heap Min Capacity: 8M
 Heap Initial Capacity: 128M
 Heap Max Capacity: 2038M
 Pre-touch: Disabled
 Parallel Workers: 2
 Concurrent Workers: 1
 Concurrent Refinement Workers: 2
 Periodic GC: Disabled
Heap:
 garbage-first heap   total 526336K, used 359936K [0x0000000080a00000, 0x0000000100000000)
  region size 1024K, 85 young (87040K), 13 survivors (13312K)
 Metaspace       used 1253K, committed 1408K, reserved 1114112K
  class space    used 104K, committed 192K, reserved 1048576K
GC Heap History (20 events):
Event: 34.194 GC heap after
{Heap after GC invocations=337 (full 0):
 garbage-first heap   total 526336K, used 359936K [0x0000000080a00000, 0x0000000100000000)
  region size 1024K, 11 young (11264K), 11 survivors (11264K)
 Metaspace       used 1253K, committed 1408K, reserved 1114112K
  class space    used 104K, committed 192K, reserved 1048576K
}
Event: 34.210 GC heap before
{Heap before GC invocations=337 (full 0):
 garbage-first heap   total 526336K, used 410112K [0x0000000080a00000, 0x0000000100000000)
  region size 1024K, 60 young (61440K), 11 survivors (11264K)
 Metaspace       used 1253K, committed 1408K, reserved 1114112K
  class space    used 104K, committed 192K, reserved 1048576K
}
Event: 34.235 GC heap after
{Heap after GC invocations=338 (full 0):
 garbage-first heap   total 1150976K, used 410624K [0x0000000080a00000, 0x0000000100000000)
  region size 1024K, 8 young (8192K), 8 survivors (8192K)
 Metaspace       used 1253K, committed 1408K, reserved 1114112K
  class space    used 104K, committed 192K, reserved 1048576K
}
Event: 34.366 GC heap before
{Heap before GC invocations=339 (full 0):
 garbage-first heap   total 519168K, used 385024K [0x0000000080a00000, 0x0000000100000000)
  region size 1024K, 233 young (238592K), 8 survivors (8192K)
 Metaspace       used 1253K, committed 1408K, reserved 1114112K
  class space    used 104K, committed 192K, reserved 1048576K
}
Event: 34.419 GC heap after
{Heap after GC invocations=340 (full 0):
 garbage-first heap   total 526336K, used 287744K [0x0000000080a00000, 0x0000000100000000)
  region size 1024K, 30 young (30720K), 30 survivors (30720K)
 Metaspace       used 1253K, committed 1408K, reserved 1114112K
  class space    used 104K, committed 192K, reserved 1048576K
}
Event: 34.444 GC heap before
{Heap before GC invocations=340 (full 0):
 garbage-first heap   total 526336K, used 361472K [0x0000000080a00000, 0x0000000100000000)
  region size 1024K, 102 young (104448K), 30 survivors (30720K)
 Metaspace       used 1253K, committed 1408K, reserved 1114112K
  class space    used 104K, committed 192K, reserved 1048576K
}
Event: 34.476 GC heap after
{Heap after GC invocations=341 (full 0):
 garbage-first heap   total 526336K, used 344064K [0x0000000080a00000, 0x0000000100000000)
  region size 1024K, 13 young (13312K), 13 survivors (13312K)
 Metaspace       used 1253K, committed 1408K, reserved 1114112K
  class space    used 104K, committed 192K, reserved 1048576K
}
Event: 34.499 GC heap before
{Heap before GC invocations=341 (full 0):
 garbage-first heap   total 526336K, used 400384K [0x0000000080a00000, 0x0000000100000000)
  region size 1024K, 68 young (69632K), 13 survivors (13312K)
 Metaspace       used 1253K, committed 1408K, reserved 1114112K
  class space    used 104K, committed 192K, reserved 1048576K
}
Event: 34.525 GC heap after
{Heap after GC invocations=342 (full 0):
 garbage-first heap   total 526336K, used 400896K [0x0000000080a00000, 0x0000000100000000)
  region size 1024K, 9 young (9216K), 9 survivors (9216K)
 Metaspace       used 1253K, committed 1408K, reserved 1114112K
  class space    used 104K, committed 192K, reserved 1048576K
}
Event: 34.591 GC heap before
{Heap before GC invocations=342 (full 0):
 garbage-first heap   total 526336K, used 197120K [0x0000000080a00000, 0x0000000100000000)
  region size 1024K, 46 young (47104K), 9 survivors (9216K)
 Metaspace       used 1253K, committed 1408K, reserved 1114112K
  class space    used 104K, committed 192K, reserved 1048576K
}
Event: 34.607 GC heap after
{Heap after GC invocations=343 (full 0):
 garbage-first heap   total 526336K, used 197632K [0x0000000080a00000, 0x0000000100000000)
  region size 1024K, 6 young (6144K), 6 survivors (6144K)
 Metaspace       used 1253K, committed 1408K, reserved 1114112K
  class space    used 104K, committed 192K, reserved 1048576K
}
Event: 34.653 GC heap before
{Heap before GC invocations=344 (full 0):
 garbage-first heap   total 526336K, used 299008K [0x0000000080a00000, 0x0000000100000000)
  region size 1024K, 105 young (107520K), 6 survivors (6144K)
 Metaspace       used 1253K, committed 1408K, reserved 1114112K
  class space    used 104K, committed 192K, reserved 1048576K
}
Event: 34.690 GC heap after
{Heap after GC invocations=345 (full 0):
 garbage-first heap   total 526336K, used 299520K [0x0000000080a00000, 0x0000000100000000)
  region size 1024K, 14 young (14336K), 14 survivors (14336K)
 Metaspace       used 1253K, committed 1408K, reserved 1114112K
  class space    used 104K, committed 192K, reserved 1048576K
}
Event: 34.714 GC heap before
{Heap before GC invocations=345 (full 0):
 garbage-first heap   total 526336K, used 369152K [0x0000000080a00000, 0x0000000100000000)
  region size 1024K, 82 young (83968K), 14 survivors (14336K)
 Metaspace       used 1253K, committed 1408K, reserved 1114112K
  class space    used 104K, committed 192K, reserved 1048576K
}
Event: 34.738 GC heap after
{Heap after GC invocations=346 (full 0):
 garbage-first heap   total 526336K, used 352256K [0x0000000080a00000, 0x0000000100000000)
  region size 1024K, 11 young (11264K), 11 survivors (11264K)
 Metaspace       used 1253K, committed 1408K, reserved 1114112K
  class space    used 104K, committed 192K, reserved 1048576K
}
Event: 34.756 GC heap before
{Heap before GC invocations=346 (full 0):
 garbage-first heap   total 526336K, used 405504K [0x0000000080a00000, 0x0000000100000000)
  region size 1024K, 63 young (64512K), 11 survivors (11264K)
 Metaspace       used 1253K, committed 1408K, reserved 1114112K
  class space    used 104K, committed 192K, reserved 1048576K
}
Event: 34.781 GC heap after
{Heap after GC invocations=347 (full 0):
 garbage-first heap   total 1150976K, used 406016K [0x0000000080a00000, 0x0000000100000000)
  region size 1024K, 8 young (8192K), 8 survivors (8192K)
 Metaspace       used 1253K, committed 1408K, reserved 1114112K
  class space    used 104K, committed 192K, reserved 1048576K
}
Event: 34.912 GC heap before
{Heap before GC invocations=348 (full 0):
 garbage-first heap   total 516096K, used 384512K [0x0000000080a00000, 0x0000000100000000)
  region size 1024K, 234 young (239616K), 8 survivors (8192K)
 Metaspace       used 1253K, committed 1408K, reserved 1114112K
  class space    used 104K, committed 192K, reserved 1048576K
}
Event: 34.962 GC heap after
{Heap after GC invocations=349 (full 0):
 garbage-first heap   total 526336K, used 286208K [0x0000000080a00000, 0x0000000100000000)
  region size 1024K, 30 young (30720K), 30 survivors (30720K)
 Metaspace       used 1253K, committed 1408K, reserved 1114112K
  class space    used 104K, committed 192K, reserved 1048576K
}
Event: 34.990 GC heap before
{Heap before GC invocations=349 (full 0):
 garbage-first heap   total 526336K, used 359936K [0x0000000080a00000, 0x0000000100000000)
  region size 1024K, 102 young (104448K), 30 survivors (30720K)
 Metaspace       used 1253K, committed 1408K, reserved 1114112K
  class space    used 104K, committed 192K, reserved 1048576K
}

