# JRE version: OpenJDK Runtime Environment (21.0.2+13) (build 21.0.2+13-58)
# Java VM: OpenJDK 64-Bit Server VM (21.0.2+13-58, mixed mode, sharing, tiered, compressed oops, compressed class ptrs, g1 gc, windows-amd64)
GC Precious Log:
 CardTable entry size: 512
 Card Set container configuration: InlinePtr #cards 5 size 8 Array Of Cards #cards 12 size 40 Howl #buckets 4 coarsen threshold 1843 Howl Bitmap #cards 512 size 80 coarsen threshold 460 Card regions per heap region 1 cards per card region 2048
 CPUs: 2 total, 2 available
 Memory: 8145M
 Large Page Support: Disabled
 NUMA Support: Disabled
 Compressed Oops: Enabled (32-bit)
 Heap Region Size: 1M
 Heap Min Capacity: 8M
 Heap Initial Capacity: 128M
 Heap Max Capacity: 2038M
 Pre-touch: Disabled
 Parallel Workers: 2
 Concurrent Workers: 1
 Concurrent Refinement Workers: 2
 Periodic GC: Disabled
Heap:
 garbage-first heap   total 516096K, used 362496K [0x0000000080a00000, 0x0000000100000000)
  region size 1024K, 76 young (77824K), 10 survivors (10240K)
 Metaspace       used 1264K, committed 1408K, reserved 1114112K
  class space    used 104K, committed 192K, reserved 1048576K
GC Heap History (20 events):
Event: 410.674 GC heap after
{Heap after GC invocations=5739 (full 0):
 garbage-first heap   total 525312K, used 407552K [0x0000000080a00000, 0x0000000100000000)
  region size 1024K, 8 young (8192K), 8 survivors (8192K)
 Metaspace       used 1264K, committed 1408K, reserved 1114112K
  class space    used 104K, committed 192K, reserved 1048576K
}
Event: 410.740 GC heap before
{Heap before GC invocations=5739 (full 0):
 garbage-first heap   total 525312K, used 204288K [0x0000000080a00000, 0x0000000100000000)
  region size 1024K, 42 young (43008K), 8 survivors (8192K)
 Metaspace       used 1264K, committed 1408K, reserved 1114112K
  class space    used 104K, committed 192K, reserved 1048576K
}
Event: 410.755 GC heap after
{Heap after GC invocations=5740 (full 0):
 garbage-first heap   total 525312K, used 204800K [0x0000000080a00000, 0x0000000100000000)
  region size 1024K, 6 young (6144K), 6 survivors (6144K)
 Metaspace       used 1264K, committed 1408K, reserved 1114112K
  class space    used 104K, committed 192K, reserved 1048576K
}
Event: 410.802 GC heap before
{Heap before GC invocations=5741 (full 0):
 garbage-first heap   total 525312K, used 304128K [0x0000000080a00000, 0x0000000100000000)
  region size 1024K, 103 young (105472K), 6 survivors (6144K)
 Metaspace       used 1264K, committed 1408K, reserved 1114112K
  class space    used 104K, committed 192K, reserved 1048576K
}
Event: 410.838 GC heap after
{Heap after GC invocations=5742 (full 0):
 garbage-first heap   total 525312K, used 304640K [0x0000000080a00000, 0x0000000100000000)
  region size 1024K, 13 young (13312K), 13 survivors (13312K)
 Metaspace       used 1264K, committed 1408K, reserved 1114112K
  class space    used 104K, committed 192K, reserved 1048576K
}
Event: 410.860 GC heap before
{Heap before GC invocations=5742 (full 0):
 garbage-first heap   total 525312K, used 372224K [0x0000000080a00000, 0x0000000100000000)
  region size 1024K, 79 young (80896K), 13 survivors (13312K)
 Metaspace       used 1264K, committed 1408K, reserved 1114112K
  class space    used 104K, committed 192K, reserved 1048576K
}
Event: 410.886 GC heap after
{Heap after GC invocations=5743 (full 0):
 garbage-first heap   total 525312K, used 360960K [0x0000000080a00000, 0x0000000100000000)
  region size 1024K, 10 young (10240K), 10 survivors (10240K)
 Metaspace       used 1264K, committed 1408K, reserved 1114112K
  class space    used 104K, committed 192K, reserved 1048576K
}
Event: 410.902 GC heap before
{Heap before GC invocations=5743 (full 0):
 garbage-first heap   total 525312K, used 411136K [0x0000000080a00000, 0x0000000100000000)
  region size 1024K, 59 young (60416K), 10 survivors (10240K)
 Metaspace       used 1264K, committed 1408K, reserved 1114112K
  class space    used 104K, committed 192K, reserved 1048576K
}
Event: 410.926 GC heap after
{Heap after GC invocations=5744 (full 0):
 garbage-first heap   total 1149952K, used 411648K [0x0000000080a00000, 0x0000000100000000)
  region size 1024K, 8 young (8192K), 8 survivors (8192K)
 Metaspace       used 1264K, committed 1408K, reserved 1114112K
  class space    used 104K, committed 192K, reserved 1048576K
}
Event: 411.055 GC heap before
{Heap before GC invocations=5745 (full 0):
 garbage-first heap   total 512000K, used 381952K [0x0000000080a00000, 0x0000000100000000)
  region size 1024K, 232 young (237568K), 8 survivors (8192K)
 Metaspace       used 1264K, committed 1408K, reserved 1114112K
  class space    used 104K, committed 192K, reserved 1048576K
}
Event: 411.104 GC heap after
{Heap after GC invocations=5746 (full 0):
 garbage-first heap   total 523264K, used 285696K [0x0000000080a00000, 0x0000000100000000)
  region size 1024K, 29 young (29696K), 29 survivors (29696K)
 Metaspace       used 1264K, committed 1408K, reserved 1114112K
  class space    used 104K, committed 192K, reserved 1048576K
}
Event: 411.129 GC heap before
{Heap before GC invocations=5746 (full 0):
 garbage-first heap   total 523264K, used 358400K [0x0000000080a00000, 0x0000000100000000)
  region size 1024K, 100 young (102400K), 29 survivors (29696K)
 Metaspace       used 1264K, committed 1408K, reserved 1114112K
  class space    used 104K, committed 192K, reserved 1048576K
}
Event: 411.154 GC heap after
{Heap after GC invocations=5747 (full 0):
 garbage-first heap   total 523264K, used 327168K [0x0000000080a00000, 0x0000000100000000)
  region size 1024K, 13 young (13312K), 13 survivors (13312K)
 Metaspace       used 1264K, committed 1408K, reserved 1114112K
  class space    used 104K, committed 192K, reserved 1048576K
}
Event: 411.175 GC heap before
{Heap before GC invocations=5747 (full 0):
 garbage-first heap   total 523264K, used 387584K [0x0000000080a00000, 0x0000000100000000)
  region size 1024K, 72 young (73728K), 13 survivors (13312K)
 Metaspace       used 1264K, committed 1408K, reserved 1114112K
  class space    used 104K, committed 192K, reserved 1048576K
}
Event: 411.200 GC heap after
{Heap after GC invocations=5748 (full 0):
 garbage-first heap   total 523264K, used 388096K [0x0000000080a00000, 0x0000000100000000)
  region size 1024K, 9 young (9216K), 9 survivors (9216K)
 Metaspace       used 1264K, committed 1408K, reserved 1114112K
  class space    used 104K, committed 192K, reserved 1048576K
}
Event: 411.267 GC heap before
{Heap before GC invocations=5748 (full 0):
 garbage-first heap   total 516096K, used 194560K [0x0000000080a00000, 0x0000000100000000)
  region size 1024K, 49 young (50176K), 9 survivors (9216K)
 Metaspace       used 1264K, committed 1408K, reserved 1114112K
  class space    used 104K, committed 192K, reserved 1048576K
}
Event: 411.285 GC heap after
{Heap after GC invocations=5749 (full 0):
 garbage-first heap   total 516096K, used 195072K [0x0000000080a00000, 0x0000000100000000)
  region size 1024K, 7 young (7168K), 7 survivors (7168K)
 Metaspace       used 1264K, committed 1408K, reserved 1114112K
  class space    used 104K, committed 192K, reserved 1048576K
}
Event: 411.327 GC heap before
{Heap before GC invocations=5750 (full 0):
 garbage-first heap   total 516096K, used 294400K [0x0000000080a00000, 0x0000000100000000)
  region size 1024K, 104 young (106496K), 7 survivors (7168K)
 Metaspace       used 1264K, committed 1408K, reserved 1114112K
  class space    used 104K, committed 192K, reserved 1048576K
}
Event: 411.364 GC heap after
{Heap after GC invocations=5751 (full 0):
 garbage-first heap   total 516096K, used 294912K [0x0000000080a00000, 0x0000000100000000)
  region size 1024K, 13 young (13312K), 13 survivors (13312K)
 Metaspace       used 1264K, committed 1408K, reserved 1114112K
  class space    used 104K, committed 192K, reserved 1048576K
}
Event: 411.386 GC heap before
{Heap before GC invocations=5751 (full 0):
 garbage-first heap   total 516096K, used 362496K [0x0000000080a00000, 0x0000000100000000)
  region size 1024K, 79 young (80896K), 13 survivors (13312K)
 Metaspace       used 1264K, committed 1408K, reserved 1114112K
  class space    used 104K, committed 192K, reserved 1048576K
}

