# JRE version: OpenJDK Runtime Environment (21.0.2+13) (build 21.0.2+13-58)
# Java VM: OpenJDK 64-Bit Server VM (21.0.2+13-58, mixed mode, sharing, tiered, compressed oops, compressed class ptrs, g1 gc, windows-amd64)
GC Precious Log:
 CardTable entry size: 512
 Card Set container configuration: InlinePtr #cards 5 size 8 Array Of Cards #cards 12 size 40 Howl #buckets 4 coarsen threshold 1843 Howl Bitmap #cards 512 size 80 coarsen threshold 460 Card regions per heap region 1 cards per card region 2048
 CPUs: 2 total, 2 available
 Memory: 8145M
 Large Page Support: Disabled
 NUMA Support: Disabled
 Compressed Oops: Enabled (32-bit)
 Heap Region Size: 1M
 Heap Min Capacity: 8M
 Heap Initial Capacity: 128M
 Heap Max Capacity: 2038M
 Pre-touch: Disabled
 Parallel Workers: 2
 Concurrent Workers: 1
 Concurrent Refinement Workers: 2
 Periodic GC: Disabled
Heap:
 garbage-first heap   total 525312K, used 409088K [0x0000000080a00000, 0x0000000100000000)
  region size 1024K, 58 young (59392K), 8 survivors (8192K)
 Metaspace       used 1260K, committed 1408K, reserved 1114112K
  class space    used 104K, committed 192K, reserved 1048576K
GC Heap History (20 events):
Event: 10.233 GC heap after
{Heap after GC invocations=95 (full 0):
 garbage-first heap   total 1150976K, used 408064K [0x0000000080a00000, 0x0000000100000000)
  region size 1024K, 8 young (8192K), 8 survivors (8192K)
 Metaspace       used 1260K, committed 1408K, reserved 1114112K
  class space    used 104K, committed 192K, reserved 1048576K
}
Event: 10.394 GC heap before
{Heap before GC invocations=96 (full 0):
 garbage-first heap   total 512000K, used 383488K [0x0000000080a00000, 0x0000000100000000)
  region size 1024K, 234 young (239616K), 8 survivors (8192K)
 Metaspace       used 1260K, committed 1408K, reserved 1114112K
  class space    used 104K, committed 192K, reserved 1048576K
}
Event: 10.455 GC heap after
{Heap after GC invocations=97 (full 0):
 garbage-first heap   total 525312K, used 285184K [0x0000000080a00000, 0x0000000100000000)
  region size 1024K, 30 young (30720K), 30 survivors (30720K)
 Metaspace       used 1260K, committed 1408K, reserved 1114112K
  class space    used 104K, committed 192K, reserved 1048576K
}
Event: 10.518 GC heap before
{Heap before GC invocations=97 (full 0):
 garbage-first heap   total 525312K, used 358912K [0x0000000080a00000, 0x0000000100000000)
  region size 1024K, 102 young (104448K), 30 survivors (30720K)
 Metaspace       used 1260K, committed 1408K, reserved 1114112K
  class space    used 104K, committed 192K, reserved 1048576K
}
Event: 10.558 GC heap after
{Heap after GC invocations=98 (full 0):
 garbage-first heap   total 525312K, used 357376K [0x0000000080a00000, 0x0000000100000000)
  region size 1024K, 13 young (13312K), 13 survivors (13312K)
 Metaspace       used 1260K, committed 1408K, reserved 1114112K
  class space    used 104K, committed 192K, reserved 1048576K
}
Event: 10.578 GC heap before
{Heap before GC invocations=98 (full 0):
 garbage-first heap   total 525312K, used 408576K [0x0000000080a00000, 0x0000000100000000)
  region size 1024K, 63 young (64512K), 13 survivors (13312K)
 Metaspace       used 1260K, committed 1408K, reserved 1114112K
  class space    used 104K, committed 192K, reserved 1048576K
}
Event: 10.602 GC heap after
{Heap after GC invocations=99 (full 0):
 garbage-first heap   total 525312K, used 409088K [0x0000000080a00000, 0x0000000100000000)
  region size 1024K, 8 young (8192K), 8 survivors (8192K)
 Metaspace       used 1260K, committed 1408K, reserved 1114112K
  class space    used 104K, committed 192K, reserved 1048576K
}
Event: 10.673 GC heap before
{Heap before GC invocations=99 (full 0):
 garbage-first heap   total 525312K, used 202752K [0x0000000080a00000, 0x0000000100000000)
  region size 1024K, 42 young (43008K), 8 survivors (8192K)
 Metaspace       used 1260K, committed 1408K, reserved 1114112K
  class space    used 104K, committed 192K, reserved 1048576K
}
Event: 10.689 GC heap after
{Heap after GC invocations=100 (full 0):
 garbage-first heap   total 525312K, used 203264K [0x0000000080a00000, 0x0000000100000000)
  region size 1024K, 6 young (6144K), 6 survivors (6144K)
 Metaspace       used 1260K, committed 1408K, reserved 1114112K
  class space    used 104K, committed 192K, reserved 1048576K
}
Event: 10.743 GC heap before
{Heap before GC invocations=101 (full 0):
 garbage-first heap   total 525312K, used 302592K [0x0000000080a00000, 0x0000000100000000)
  region size 1024K, 103 young (105472K), 6 survivors (6144K)
 Metaspace       used 1260K, committed 1408K, reserved 1114112K
  class space    used 104K, committed 192K, reserved 1048576K
}
Event: 10.786 GC heap after
{Heap after GC invocations=102 (full 0):
 garbage-first heap   total 525312K, used 302592K [0x0000000080a00000, 0x0000000100000000)
  region size 1024K, 13 young (13312K), 13 survivors (13312K)
 Metaspace       used 1260K, committed 1408K, reserved 1114112K
  class space    used 104K, committed 192K, reserved 1048576K
}
Event: 10.812 GC heap before
{Heap before GC invocations=102 (full 0):
 garbage-first heap   total 525312K, used 371200K [0x0000000080a00000, 0x0000000100000000)
  region size 1024K, 80 young (81920K), 13 survivors (13312K)
 Metaspace       used 1260K, committed 1408K, reserved 1114112K
  class space    used 104K, committed 192K, reserved 1048576K
}
Event: 10.843 GC heap after
{Heap after GC invocations=103 (full 0):
 garbage-first heap   total 525312K, used 353280K [0x0000000080a00000, 0x0000000100000000)
  region size 1024K, 10 young (10240K), 10 survivors (10240K)
 Metaspace       used 1260K, committed 1408K, reserved 1114112K
  class space    used 104K, committed 192K, reserved 1048576K
}
Event: 10.867 GC heap before
{Heap before GC invocations=103 (full 0):
 garbage-first heap   total 525312K, used 405504K [0x0000000080a00000, 0x0000000100000000)
  region size 1024K, 61 young (62464K), 10 survivors (10240K)
 Metaspace       used 1260K, committed 1408K, reserved 1114112K
  class space    used 104K, committed 192K, reserved 1048576K
}
Event: 10.899 GC heap after
{Heap after GC invocations=104 (full 0):
 garbage-first heap   total 1149952K, used 406016K [0x0000000080a00000, 0x0000000100000000)
  region size 1024K, 8 young (8192K), 8 survivors (8192K)
 Metaspace       used 1260K, committed 1408K, reserved 1114112K
  class space    used 104K, committed 192K, reserved 1048576K
}
Event: 11.071 GC heap before
{Heap before GC invocations=105 (full 0):
 garbage-first heap   total 512000K, used 383488K [0x0000000080a00000, 0x0000000100000000)
  region size 1024K, 234 young (239616K), 8 survivors (8192K)
 Metaspace       used 1260K, committed 1408K, reserved 1114112K
  class space    used 104K, committed 192K, reserved 1048576K
}
Event: 11.133 GC heap after
{Heap after GC invocations=106 (full 0):
 garbage-first heap   total 525312K, used 285184K [0x0000000080a00000, 0x0000000100000000)
  region size 1024K, 30 young (30720K), 30 survivors (30720K)
 Metaspace       used 1260K, committed 1408K, reserved 1114112K
  class space    used 104K, committed 192K, reserved 1048576K
}
Event: 11.179 GC heap before
{Heap before GC invocations=106 (full 0):
 garbage-first heap   total 525312K, used 358912K [0x0000000080a00000, 0x0000000100000000)
  region size 1024K, 102 young (104448K), 30 survivors (30720K)
 Metaspace       used 1260K, committed 1408K, reserved 1114112K
  class space    used 104K, committed 192K, reserved 1048576K
}
Event: 11.224 GC heap after
{Heap after GC invocations=107 (full 0):
 garbage-first heap   total 525312K, used 357888K [0x0000000080a00000, 0x0000000100000000)
  region size 1024K, 13 young (13312K), 13 survivors (13312K)
 Metaspace       used 1260K, committed 1408K, reserved 1114112K
  class space    used 104K, committed 192K, reserved 1048576K
}
Event: 11.262 GC heap before
{Heap before GC invocations=107 (full 0):
 garbage-first heap   total 525312K, used 409088K [0x0000000080a00000, 0x0000000100000000)
  region size 1024K, 63 young (64512K), 13 survivors (13312K)
 Metaspace       used 1260K, committed 1408K, reserved 1114112K
  class space    used 104K, committed 192K, reserved 1048576K
}

