# JRE version: OpenJDK Runtime Environment (21.0.2+13) (build 21.0.2+13-58)
# Java VM: OpenJDK 64-Bit Server VM (21.0.2+13-58, mixed mode, sharing, tiered, compressed oops, compressed class ptrs, serial gc, windows-amd64)
GC Precious Log:
 CardTable entry size: 512
 CPUs: 2 total, 2 available
 Memory: 8145M
 Large Page Support: Disabled
 NUMA Support: Disabled
 Compressed Oops: Enabled (32-bit)
 Heap Min Capacity: 8M
 Heap Initial Capacity: 128M
 Heap Max Capacity: 2038M
 Pre-touch: Disabled
Heap:
 def new generation   total 112256K, used 99840K [0x0000000080a00000, 0x00000000883c0000, 0x00000000ab150000)
  eden space 99840K, 100% used [0x0000000080a00000, 0x0000000086b80000, 0x0000000086b80000)
  from space 12416K,   0% used [0x0000000086b80000, 0x0000000086b80000, 0x00000000877a0000)
  to   space 12416K,  99% used [0x00000000877a0000, 0x00000000883bfff8, 0x00000000883c0000)
 tenured generation   total 249208K, used 162324K [0x00000000ab150000, 0x00000000ba4ae000, 0x0000000100000000)
   the space 249208K,  65% used [0x00000000ab150000, 0x00000000b4fd5238, 0x00000000b4fd5400, 0x00000000ba4ae000)
 Metaspace       used 1250K, committed 1408K, reserved 1114112K
  class space    used 104K, committed 192K, reserved 1048576K
GC Heap History (20 events):
Event: 69.368 GC heap after
{Heap after GC invocations=317 (full 158):
 def new generation   total 112256K, used 0K [0x0000000080a00000, 0x00000000883c0000, 0x00000000ab150000)
  eden space 99840K,   0% used [0x0000000080a00000, 0x0000000080a00000, 0x0000000086b80000)
  from space 12416K,   0% used [0x0000000086b80000, 0x0000000086b80000, 0x00000000877a0000)
  to   space 12416K,   0% used [0x00000000877a0000, 0x00000000877a0000, 0x00000000883c0000)
 tenured generation   total 249208K, used 146459K [0x00000000ab150000, 0x00000000ba4ae000, 0x0000000100000000)
   the space 249208K,  58% used [0x00000000ab150000, 0x00000000b4056d10, 0x00000000b4056e00, 0x00000000ba4ae000)
 Metaspace       used 1250K, committed 1408K, reserved 1114112K
  class space    used 104K, committed 192K, reserved 1048576K
}
Event: 69.396 GC heap before
{Heap before GC invocations=317 (full 158):
 def new generation   total 112256K, used 99840K [0x0000000080a00000, 0x00000000883c0000, 0x00000000ab150000)
  eden space 99840K, 100% used [0x0000000080a00000, 0x0000000086b80000, 0x0000000086b80000)
  from space 12416K,   0% used [0x0000000086b80000, 0x0000000086b80000, 0x00000000877a0000)
  to   space 12416K,   0% used [0x00000000877a0000, 0x00000000877a0000, 0x00000000883c0000)
 tenured generation   total 249208K, used 146459K [0x00000000ab150000, 0x00000000ba4ae000, 0x0000000100000000)
   the space 249208K,  58% used [0x00000000ab150000, 0x00000000b4056d10, 0x00000000b4056e00, 0x00000000ba4ae000)
 Metaspace       used 1250K, committed 1408K, reserved 1114112K
  class space    used 104K, committed 192K, reserved 1048576K
}
Event: 69.457 GC heap after
{Heap after GC invocations=318 (full 158):
 def new generation   total 112256K, used 12415K [0x0000000080a00000, 0x00000000883c0000, 0x00000000ab150000)
  eden space 99840K,   0% used [0x0000000080a00000, 0x0000000080a00000, 0x0000000086b80000)
  from space 12416K,  99% used [0x00000000877a0000, 0x00000000883bfff8, 0x00000000883c0000)
  to   space 12416K,   0% used [0x0000000086b80000, 0x0000000086b80000, 0x00000000877a0000)
 tenured generation   total 249208K, used 233850K [0x00000000ab150000, 0x00000000ba4ae000, 0x0000000100000000)
   the space 249208K,  93% used [0x00000000ab150000, 0x00000000b95ae8b8, 0x00000000b95aea00, 0x00000000ba4ae000)
 Metaspace       used 1250K, committed 1408K, reserved 1114112K
  class space    used 104K, committed 192K, reserved 1048576K
}
Event: 69.487 GC heap before
{Heap before GC invocations=318 (full 158):
 def new generation   total 112256K, used 112255K [0x0000000080a00000, 0x00000000883c0000, 0x00000000ab150000)
  eden space 99840K, 100% used [0x0000000080a00000, 0x0000000086b80000, 0x0000000086b80000)
  from space 12416K,  99% used [0x00000000877a0000, 0x00000000883bfff8, 0x00000000883c0000)
  to   space 12416K,   0% used [0x0000000086b80000, 0x0000000086b80000, 0x00000000877a0000)
 tenured generation   total 249208K, used 233850K [0x00000000ab150000, 0x00000000ba4ae000, 0x0000000100000000)
   the space 249208K,  93% used [0x00000000ab150000, 0x00000000b95ae8b8, 0x00000000b95aea00, 0x00000000ba4ae000)
 Metaspace       used 1250K, committed 1408K, reserved 1114112K
  class space    used 104K, committed 192K, reserved 1048576K
}
Event: 69.577 GC heap after
{Heap after GC invocations=319 (full 158):
 def new generation   total 112256K, used 12415K [0x0000000080a00000, 0x00000000883c0000, 0x00000000ab150000)
  eden space 99840K,   0% used [0x0000000080a00000, 0x0000000080a00000, 0x0000000086b80000)
  from space 12416K,  99% used [0x0000000086b80000, 0x000000008779fff8, 0x00000000877a0000)
  to   space 12416K,   0% used [0x00000000877a0000, 0x00000000877a0000, 0x00000000883c0000)
 tenured generation   total 323896K, used 323825K [0x00000000ab150000, 0x00000000bed9e000, 0x0000000100000000)
   the space 323896K,  99% used [0x00000000ab150000, 0x00000000bed8c7e0, 0x00000000bed8c800, 0x00000000bed9e000)
 Metaspace       used 1250K, committed 1408K, reserved 1114112K
  class space    used 104K, committed 192K, reserved 1048576K
}
Event: 69.577 GC heap before
{Heap before GC invocations=319 (full 158):
 def new generation   total 112256K, used 12415K [0x0000000080a00000, 0x00000000883c0000, 0x00000000ab150000)
  eden space 99840K,   0% used [0x0000000080a00000, 0x0000000080a00000, 0x0000000086b80000)
  from space 12416K,  99% used [0x0000000086b80000, 0x000000008779fff8, 0x00000000877a0000)
  to   space 12416K,   0% used [0x00000000877a0000, 0x00000000877a0000, 0x00000000883c0000)
 tenured generation   total 323896K, used 323825K [0x00000000ab150000, 0x00000000bed9e000, 0x0000000100000000)
   the space 323896K,  99% used [0x00000000ab150000, 0x00000000bed8c7e0, 0x00000000bed8c800, 0x00000000bed9e000)
 Metaspace       used 1250K, committed 1408K, reserved 1114112K
  class space    used 104K, committed 192K, reserved 1048576K
}
Event: 69.739 GC heap after
{Heap after GC invocations=319 (full 159):
 def new generation   total 112256K, used 0K [0x0000000080a00000, 0x00000000883c0000, 0x00000000ab150000)
  eden space 99840K,   0% used [0x0000000080a00000, 0x0000000080a00000, 0x0000000086b80000)
  from space 12416K,   0% used [0x0000000086b80000, 0x0000000086b80000, 0x00000000877a0000)
  to   space 12416K,   0% used [0x00000000877a0000, 0x00000000877a0000, 0x00000000883c0000)
 tenured generation   total 249208K, used 146459K [0x00000000ab150000, 0x00000000ba4ae000, 0x0000000100000000)
   the space 249208K,  58% used [0x00000000ab150000, 0x00000000b4056d10, 0x00000000b4056e00, 0x00000000ba4ae000)
 Metaspace       used 1250K, committed 1408K, reserved 1114112K
  class space    used 104K, committed 192K, reserved 1048576K
}
Event: 69.768 GC heap before
{Heap before GC invocations=319 (full 159):
 def new generation   total 112256K, used 99840K [0x0000000080a00000, 0x00000000883c0000, 0x00000000ab150000)
  eden space 99840K, 100% used [0x0000000080a00000, 0x0000000086b80000, 0x0000000086b80000)
  from space 12416K,   0% used [0x0000000086b80000, 0x0000000086b80000, 0x00000000877a0000)
  to   space 12416K,   0% used [0x00000000877a0000, 0x00000000877a0000, 0x00000000883c0000)
 tenured generation   total 249208K, used 146459K [0x00000000ab150000, 0x00000000ba4ae000, 0x0000000100000000)
   the space 249208K,  58% used [0x00000000ab150000, 0x00000000b4056d10, 0x00000000b4056e00, 0x00000000ba4ae000)
 Metaspace       used 1250K, committed 1408K, reserved 1114112K
  class space    used 104K, committed 192K, reserved 1048576K
}
Event: 69.836 GC heap after
{Heap after GC invocations=320 (full 159):
 def new generation   total 112256K, used 12415K [0x0000000080a00000, 0x00000000883c0000, 0x00000000ab150000)
  eden space 99840K,   0% used [0x0000000080a00000, 0x0000000080a00000, 0x0000000086b80000)
  from space 12416K,  99% used [0x00000000877a0000, 0x00000000883bfff8, 0x00000000883c0000)
  to   space 12416K,   0% used [0x0000000086b80000, 0x0000000086b80000, 0x00000000877a0000)
 tenured generation   total 249208K, used 233850K [0x00000000ab150000, 0x00000000ba4ae000, 0x0000000100000000)
   the space 249208K,  93% used [0x00000000ab150000, 0x00000000b95ae8b8, 0x00000000b95aea00, 0x00000000ba4ae000)
 Metaspace       used 1250K, committed 1408K, reserved 1114112K
  class space    used 104K, committed 192K, reserved 1048576K
}
Event: 69.865 GC heap before
{Heap before GC invocations=320 (full 159):
 def new generation   total 112256K, used 112255K [0x0000000080a00000, 0x00000000883c0000, 0x00000000ab150000)
  eden space 99840K, 100% used [0x0000000080a00000, 0x0000000086b80000, 0x0000000086b80000)
  from space 12416K,  99% used [0x00000000877a0000, 0x00000000883bfff8, 0x00000000883c0000)
  to   space 12416K,   0% used [0x0000000086b80000, 0x0000000086b80000, 0x00000000877a0000)
 tenured generation   total 249208K, used 233850K [0x00000000ab150000, 0x00000000ba4ae000, 0x0000000100000000)
   the space 249208K,  93% used [0x00000000ab150000, 0x00000000b95ae8b8, 0x00000000b95aea00, 0x00000000ba4ae000)
 Metaspace       used 1250K, committed 1408K, reserved 1114112K
  class space    used 104K, committed 192K, reserved 1048576K
}
Event: 69.964 GC heap after
{Heap after GC invocations=321 (full 159):
 def new generation   total 112256K, used 12415K [0x0000000080a00000, 0x00000000883c0000, 0x00000000ab150000)
  eden space 99840K,   0% used [0x0000000080a00000, 0x0000000080a00000, 0x0000000086b80000)
  from space 12416K,  99% used [0x0000000086b80000, 0x000000008779fff8, 0x00000000877a0000)
  to   space 12416K,   0% used [0x00000000877a0000, 0x00000000877a0000, 0x00000000883c0000)
 tenured generation   total 323896K, used 323825K [0x00000000ab150000, 0x00000000bed9e000, 0x0000000100000000)
   the space 323896K,  99% used [0x00000000ab150000, 0x00000000bed8c678, 0x00000000bed8c800, 0x00000000bed9e000)
 Metaspace       used 1250K, committed 1408K, reserved 1114112K
  class space    used 104K, committed 192K, reserved 1048576K
}
Event: 69.964 GC heap before
{Heap before GC invocations=321 (full 159):
 def new generation   total 112256K, used 12415K [0x0000000080a00000, 0x00000000883c0000, 0x00000000ab150000)
  eden space 99840K,   0% used [0x0000000080a00000, 0x0000000080a00000, 0x0000000086b80000)
  from space 12416K,  99% used [0x0000000086b80000, 0x000000008779fff8, 0x00000000877a0000)
  to   space 12416K,   0% used [0x00000000877a0000, 0x00000000877a0000, 0x00000000883c0000)
 tenured generation   total 323896K, used 323825K [0x00000000ab150000, 0x00000000bed9e000, 0x0000000100000000)
   the space 323896K,  99% used [0x00000000ab150000, 0x00000000bed8c678, 0x00000000bed8c800, 0x00000000bed9e000)
 Metaspace       used 1250K, committed 1408K, reserved 1114112K
  class space    used 104K, committed 192K, reserved 1048576K
}
Event: 70.105 GC heap after
{Heap after GC invocations=321 (full 160):
 def new generation   total 112256K, used 0K [0x0000000080a00000, 0x00000000883c0000, 0x00000000ab150000)
  eden space 99840K,   0% used [0x0000000080a00000, 0x0000000080a00000, 0x0000000086b80000)
  from space 12416K,   0% used [0x0000000086b80000, 0x0000000086b80000, 0x00000000877a0000)
  to   space 12416K,   0% used [0x00000000877a0000, 0x00000000877a0000, 0x00000000883c0000)
 tenured generation   total 249208K, used 146459K [0x00000000ab150000, 0x00000000ba4ae000, 0x0000000100000000)
   the space 249208K,  58% used [0x00000000ab150000, 0x00000000b4056d10, 0x00000000b4056e00, 0x00000000ba4ae000)
 Metaspace       used 1250K, committed 1408K, reserved 1114112K
  class space    used 104K, committed 192K, reserved 1048576K
}
Event: 70.133 GC heap before
{Heap before GC invocations=321 (full 160):
 def new generation   total 112256K, used 99840K [0x0000000080a00000, 0x00000000883c0000, 0x00000000ab150000)
  eden space 99840K, 100% used [0x0000000080a00000, 0x0000000086b80000, 0x0000000086b80000)
  from space 12416K,   0% used [0x0000000086b80000, 0x0000000086b80000, 0x00000000877a0000)
  to   space 12416K,   0% used [0x00000000877a0000, 0x00000000877a0000, 0x00000000883c0000)
 tenured generation   total 249208K, used 146459K [0x00000000ab150000, 0x00000000ba4ae000, 0x0000000100000000)
   the space 249208K,  58% used [0x00000000ab150000, 0x00000000b4056d10, 0x00000000b4056e00, 0x00000000ba4ae000)
 Metaspace       used 1250K, committed 1408K, reserved 1114112K
  class space    used 104K, committed 192K, reserved 1048576K
}
Event: 70.194 GC heap after
{Heap after GC invocations=322 (full 160):
 def new generation   total 112256K, used 12415K [0x0000000080a00000, 0x00000000883c0000, 0x00000000ab150000)
  eden space 99840K,   0% used [0x0000000080a00000, 0x0000000080a00000, 0x0000000086b80000)
  from space 12416K,  99% used [0x00000000877a0000, 0x00000000883bfff8, 0x00000000883c0000)
  to   space 12416K,   0% used [0x0000000086b80000, 0x0000000086b80000, 0x00000000877a0000)
 tenured generation   total 249208K, used 233850K [0x00000000ab150000, 0x00000000ba4ae000, 0x0000000100000000)
   the space 249208K,  93% used [0x00000000ab150000, 0x00000000b95aea68, 0x00000000b95aec00, 0x00000000ba4ae000)
 Metaspace       used 1250K, committed 1408K, reserved 1114112K
  class space    used 104K, committed 192K, reserved 1048576K
}
Event: 70.223 GC heap before
{Heap before GC invocations=322 (full 160):
 def new generation   total 112256K, used 112255K [0x0000000080a00000, 0x00000000883c0000, 0x00000000ab150000)
  eden space 99840K, 100% used [0x0000000080a00000, 0x0000000086b80000, 0x0000000086b80000)
  from space 12416K,  99% used [0x00000000877a0000, 0x00000000883bfff8, 0x00000000883c0000)
  to   space 12416K,   0% used [0x0000000086b80000, 0x0000000086b80000, 0x00000000877a0000)
 tenured generation   total 249208K, used 233850K [0x00000000ab150000, 0x00000000ba4ae000, 0x0000000100000000)
   the space 249208K,  93% used [0x00000000ab150000, 0x00000000b95aea68, 0x00000000b95aec00, 0x00000000ba4ae000)
 Metaspace       used 1250K, committed 1408K, reserved 1114112K
  class space    used 104K, committed 192K, reserved 1048576K
}
Event: 70.314 GC heap after
{Heap after GC invocations=323 (full 160):
 def new generation   total 112256K, used 12415K [0x0000000080a00000, 0x00000000883c0000, 0x00000000ab150000)
  eden space 99840K,   0% used [0x0000000080a00000, 0x0000000080a00000, 0x0000000086b80000)
  from space 12416K,  99% used [0x0000000086b80000, 0x000000008779fff8, 0x00000000877a0000)
  to   space 12416K,   0% used [0x00000000877a0000, 0x00000000877a0000, 0x00000000883c0000)
 tenured generation   total 323896K, used 323825K [0x00000000ab150000, 0x00000000bed9e000, 0x0000000100000000)
   the space 323896K,  99% used [0x00000000ab150000, 0x00000000bed8c7e0, 0x00000000bed8c800, 0x00000000bed9e000)
 Metaspace       used 1250K, committed 1408K, reserved 1114112K
  class space    used 104K, committed 192K, reserved 1048576K
}
Event: 70.314 GC heap before
{Heap before GC invocations=323 (full 160):
 def new generation   total 112256K, used 12415K [0x0000000080a00000, 0x00000000883c0000, 0x00000000ab150000)
  eden space 99840K,   0% used [0x0000000080a00000, 0x0000000080a00000, 0x0000000086b80000)
  from space 12416K,  99% used [0x0000000086b80000, 0x000000008779fff8, 0x00000000877a0000)
  to   space 12416K,   0% used [0x00000000877a0000, 0x00000000877a0000, 0x00000000883c0000)
 tenured generation   total 323896K, used 323825K [0x00000000ab150000, 0x00000000bed9e000, 0x0000000100000000)
   the space 323896K,  99% used [0x00000000ab150000, 0x00000000bed8c7e0, 0x00000000bed8c800, 0x00000000bed9e000)
 Metaspace       used 1250K, committed 1408K, reserved 1114112K
  class space    used 104K, committed 192K, reserved 1048576K
}
Event: 70.462 GC heap after
{Heap after GC invocations=323 (full 161):
 def new generation   total 112256K, used 0K [0x0000000080a00000, 0x00000000883c0000, 0x00000000ab150000)
  eden space 99840K,   0% used [0x0000000080a00000, 0x0000000080a00000, 0x0000000086b80000)
  from space 12416K,   0% used [0x0000000086b80000, 0x0000000086b80000, 0x00000000877a0000)
  to   space 12416K,   0% used [0x00000000877a0000, 0x00000000877a0000, 0x00000000883c0000)
 tenured generation   total 249208K, used 146459K [0x00000000ab150000, 0x00000000ba4ae000, 0x0000000100000000)
   the space 249208K,  58% used [0x00000000ab150000, 0x00000000b4056d10, 0x00000000b4056e00, 0x00000000ba4ae000)
 Metaspace       used 1250K, committed 1408K, reserved 1114112K
  class space    used 104K, committed 192K, reserved 1048576K
}
Event: 70.490 GC heap before
{Heap before GC invocations=323 (full 161):
 def new generation   total 112256K, used 99840K [0x0000000080a00000, 0x00000000883c0000, 0x00000000ab150000)
  eden space 99840K, 100% used [0x0000000080a00000, 0x0000000086b80000, 0x0000000086b80000)
  from space 12416K,   0% used [0x0000000086b80000, 0x0000000086b80000, 0x00000000877a0000)
  to   space 12416K,   0% used [0x00000000877a0000, 0x00000000877a0000, 0x00000000883c0000)
 tenured generation   total 249208K, used 146459K [0x00000000ab150000, 0x00000000ba4ae000, 0x0000000100000000)
   the space 249208K,  58% used [0x00000000ab150000, 0x00000000b4056d10, 0x00000000b4056e00, 0x00000000ba4ae000)
 Metaspace       used 1250K, committed 1408K, reserved 1114112K
  class space    used 104K, committed 192K, reserved 1048576K
}

