# JRE version: OpenJDK Runtime Environment (21.0.2+13) (build 21.0.2+13-58)
# Java VM: OpenJDK 64-Bit Server VM (21.0.2+13-58, mixed mode, sharing, tiered, compressed oops, compressed class ptrs, g1 gc, windows-amd64)
GC Precious Log:
 CardTable entry size: 512
 Card Set container configuration: InlinePtr #cards 5 size 8 Array Of Cards #cards 12 size 40 Howl #buckets 4 coarsen threshold 1843 Howl Bitmap #cards 512 size 80 coarsen threshold 460 Card regions per heap region 1 cards per card region 2048
 CPUs: 2 total, 2 available
 Memory: 8145M
 Large Page Support: Disabled
 NUMA Support: Disabled
 Compressed Oops: Enabled (32-bit)
 Heap Region Size: 1M
 Heap Min Capacity: 8M
 Heap Initial Capacity: 128M
 Heap Max Capacity: 2038M
 Pre-touch: Disabled
 Parallel Workers: 2
 Concurrent Workers: 1
 Concurrent Refinement Workers: 2
 Periodic GC: Disabled
Heap:
 garbage-first heap   total 539648K, used 408576K [0x0000000080a00000, 0x0000000100000000)
  region size 1024K, 65 young (66560K), 9 survivors (9216K)
 Metaspace       used 1275K, committed 1408K, reserved 1114112K
  class space    used 104K, committed 192K, reserved 1048576K
GC Heap History (20 events):
Event: 110.359 GC heap after
{Heap after GC invocations=1505 (full 0):
 garbage-first heap   total 1183744K, used 446976K [0x0000000080a00000, 0x0000000100000000)
  region size 1024K, 9 young (9216K), 9 survivors (9216K)
 Metaspace       used 1275K, committed 1408K, reserved 1114112K
  class space    used 104K, committed 192K, reserved 1048576K
}
Event: 110.485 GC heap before
{Heap before GC invocations=1506 (full 0):
 garbage-first heap   total 529408K, used 387072K [0x0000000080a00000, 0x0000000100000000)
  region size 1024K, 233 young (238592K), 9 survivors (9216K)
 Metaspace       used 1275K, committed 1408K, reserved 1114112K
  class space    used 104K, committed 192K, reserved 1048576K
}
Event: 110.534 GC heap after
{Heap after GC invocations=1507 (full 0):
 garbage-first heap   total 529408K, used 289792K [0x0000000080a00000, 0x0000000100000000)
  region size 1024K, 30 young (30720K), 30 survivors (30720K)
 Metaspace       used 1275K, committed 1408K, reserved 1114112K
  class space    used 104K, committed 192K, reserved 1048576K
}
Event: 110.562 GC heap before
{Heap before GC invocations=1507 (full 0):
 garbage-first heap   total 529408K, used 363520K [0x0000000080a00000, 0x0000000100000000)
  region size 1024K, 102 young (104448K), 30 survivors (30720K)
 Metaspace       used 1275K, committed 1408K, reserved 1114112K
  class space    used 104K, committed 192K, reserved 1048576K
}
Event: 110.593 GC heap after
{Heap after GC invocations=1508 (full 0):
 garbage-first heap   total 529408K, used 347136K [0x0000000080a00000, 0x0000000100000000)
  region size 1024K, 13 young (13312K), 13 survivors (13312K)
 Metaspace       used 1275K, committed 1408K, reserved 1114112K
  class space    used 104K, committed 192K, reserved 1048576K
}
Event: 110.612 GC heap before
{Heap before GC invocations=1508 (full 0):
 garbage-first heap   total 529408K, used 403456K [0x0000000080a00000, 0x0000000100000000)
  region size 1024K, 68 young (69632K), 13 survivors (13312K)
 Metaspace       used 1275K, committed 1408K, reserved 1114112K
  class space    used 104K, committed 192K, reserved 1048576K
}
Event: 110.636 GC heap after
{Heap after GC invocations=1509 (full 0):
 garbage-first heap   total 529408K, used 403968K [0x0000000080a00000, 0x0000000100000000)
  region size 1024K, 9 young (9216K), 9 survivors (9216K)
 Metaspace       used 1275K, committed 1408K, reserved 1114112K
  class space    used 104K, committed 192K, reserved 1048576K
}
Event: 110.702 GC heap before
{Heap before GC invocations=1509 (full 0):
 garbage-first heap   total 529408K, used 198144K [0x0000000080a00000, 0x0000000100000000)
  region size 1024K, 46 young (47104K), 9 survivors (9216K)
 Metaspace       used 1275K, committed 1408K, reserved 1114112K
  class space    used 104K, committed 192K, reserved 1048576K
}
Event: 110.718 GC heap after
{Heap after GC invocations=1510 (full 0):
 garbage-first heap   total 529408K, used 198656K [0x0000000080a00000, 0x0000000100000000)
  region size 1024K, 6 young (6144K), 6 survivors (6144K)
 Metaspace       used 1275K, committed 1408K, reserved 1114112K
  class space    used 104K, committed 192K, reserved 1048576K
}
Event: 110.764 GC heap before
{Heap before GC invocations=1511 (full 0):
 garbage-first heap   total 529408K, used 301056K [0x0000000080a00000, 0x0000000100000000)
  region size 1024K, 106 young (108544K), 6 survivors (6144K)
 Metaspace       used 1275K, committed 1408K, reserved 1114112K
  class space    used 104K, committed 192K, reserved 1048576K
}
Event: 110.802 GC heap after
{Heap after GC invocations=1512 (full 0):
 garbage-first heap   total 529408K, used 301056K [0x0000000080a00000, 0x0000000100000000)
  region size 1024K, 14 young (14336K), 14 survivors (14336K)
 Metaspace       used 1275K, committed 1408K, reserved 1114112K
  class space    used 104K, committed 192K, reserved 1048576K
}
Event: 110.824 GC heap before
{Heap before GC invocations=1512 (full 0):
 garbage-first heap   total 529408K, used 371712K [0x0000000080a00000, 0x0000000100000000)
  region size 1024K, 83 young (84992K), 14 survivors (14336K)
 Metaspace       used 1275K, committed 1408K, reserved 1114112K
  class space    used 104K, committed 192K, reserved 1048576K
}
Event: 110.853 GC heap after
{Heap after GC invocations=1513 (full 0):
 garbage-first heap   total 529408K, used 365568K [0x0000000080a00000, 0x0000000100000000)
  region size 1024K, 11 young (11264K), 11 survivors (11264K)
 Metaspace       used 1275K, committed 1408K, reserved 1114112K
  class space    used 104K, committed 192K, reserved 1048576K
}
Event: 110.869 GC heap before
{Heap before GC invocations=1513 (full 0):
 garbage-first heap   total 529408K, used 415744K [0x0000000080a00000, 0x0000000100000000)
  region size 1024K, 60 young (61440K), 11 survivors (11264K)
 Metaspace       used 1275K, committed 1408K, reserved 1114112K
  class space    used 104K, committed 192K, reserved 1048576K
}
Event: 110.896 GC heap after
{Heap after GC invocations=1514 (full 0):
 garbage-first heap   total 1153024K, used 416256K [0x0000000080a00000, 0x0000000100000000)
  region size 1024K, 8 young (8192K), 8 survivors (8192K)
 Metaspace       used 1275K, committed 1408K, reserved 1114112K
  class space    used 104K, committed 192K, reserved 1048576K
}
Event: 111.054 GC heap before
{Heap before GC invocations=1515 (full 0):
 garbage-first heap   total 539648K, used 389632K [0x0000000080a00000, 0x0000000100000000)
  region size 1024K, 232 young (237568K), 8 survivors (8192K)
 Metaspace       used 1275K, committed 1408K, reserved 1114112K
  class space    used 104K, committed 192K, reserved 1048576K
}
Event: 111.116 GC heap after
{Heap after GC invocations=1516 (full 0):
 garbage-first heap   total 539648K, used 292864K [0x0000000080a00000, 0x0000000100000000)
  region size 1024K, 29 young (29696K), 29 survivors (29696K)
 Metaspace       used 1275K, committed 1408K, reserved 1114112K
  class space    used 104K, committed 192K, reserved 1048576K
}
Event: 111.143 GC heap before
{Heap before GC invocations=1516 (full 0):
 garbage-first heap   total 539648K, used 368640K [0x0000000080a00000, 0x0000000100000000)
  region size 1024K, 103 young (105472K), 29 survivors (29696K)
 Metaspace       used 1275K, committed 1408K, reserved 1114112K
  class space    used 104K, committed 192K, reserved 1048576K
}
Event: 111.175 GC heap after
{Heap after GC invocations=1517 (full 0):
 garbage-first heap   total 539648K, used 351232K [0x0000000080a00000, 0x0000000100000000)
  region size 1024K, 13 young (13312K), 13 survivors (13312K)
 Metaspace       used 1275K, committed 1408K, reserved 1114112K
  class space    used 104K, committed 192K, reserved 1048576K
}
Event: 111.195 GC heap before
{Heap before GC invocations=1517 (full 0):
 garbage-first heap   total 539648K, used 408576K [0x0000000080a00000, 0x0000000100000000)
  region size 1024K, 69 young (70656K), 13 survivors (13312K)
 Metaspace       used 1275K, committed 1408K, reserved 1114112K
  class space    used 104K, committed 192K, reserved 1048576K
}

