# JRE version: OpenJDK Runtime Environment (21.0.2+13) (build 21.0.2+13-58)
# Java VM: OpenJDK 64-Bit Server VM (21.0.2+13-58, mixed mode, sharing, tiered, compressed oops, compressed class ptrs, g1 gc, windows-amd64)
GC Precious Log:
 CardTable entry size: 512
 Card Set container configuration: InlinePtr #cards 5 size 8 Array Of Cards #cards 12 size 40 Howl #buckets 4 coarsen threshold 1843 Howl Bitmap #cards 512 size 80 coarsen threshold 460 Card regions per heap region 1 cards per card region 2048
 CPUs: 2 total, 2 available
 Memory: 8145M
 Large Page Support: Disabled
 NUMA Support: Disabled
 Compressed Oops: Enabled (32-bit)
 Heap Region Size: 1M
 Heap Min Capacity: 8M
 Heap Initial Capacity: 128M
 Heap Max Capacity: 2038M
 Pre-touch: Disabled
 Parallel Workers: 2
 Concurrent Workers: 1
 Concurrent Refinement Workers: 2
 Periodic GC: Disabled
Heap:
 garbage-first heap   total 527360K, used 305152K [0x0000000080a00000, 0x0000000100000000)
  region size 1024K, 110 young (112640K), 13 survivors (13312K)
 Metaspace       used 1258K, committed 1408K, reserved 1114112K
  class space    used 104K, committed 192K, reserved 1048576K
GC Heap History (20 events):
Event: 831.841 GC heap after
{Heap after GC invocations=13272 (full 0):
 garbage-first heap   total 542720K, used 351744K [0x0000000080a00000, 0x0000000100000000)
  region size 1024K, 14 young (14336K), 14 survivors (14336K)
 Metaspace       used 1258K, committed 1408K, reserved 1114112K
  class space    used 104K, committed 192K, reserved 1048576K
}
Event: 831.863 GC heap before
{Heap before GC invocations=13272 (full 0):
 garbage-first heap   total 542720K, used 410112K [0x0000000080a00000, 0x0000000100000000)
  region size 1024K, 71 young (72704K), 14 survivors (14336K)
 Metaspace       used 1258K, committed 1408K, reserved 1114112K
  class space    used 104K, committed 192K, reserved 1048576K
}
Event: 831.889 GC heap after
{Heap after GC invocations=13273 (full 0):
 garbage-first heap   total 542720K, used 410624K [0x0000000080a00000, 0x0000000100000000)
  region size 1024K, 9 young (9216K), 9 survivors (9216K)
 Metaspace       used 1258K, committed 1408K, reserved 1114112K
  class space    used 104K, committed 192K, reserved 1048576K
}
Event: 831.957 GC heap before
{Heap before GC invocations=13273 (full 0):
 garbage-first heap   total 512000K, used 192512K [0x0000000080a00000, 0x0000000100000000)
  region size 1024K, 48 young (49152K), 9 survivors (9216K)
 Metaspace       used 1258K, committed 1408K, reserved 1114112K
  class space    used 104K, committed 192K, reserved 1048576K
}
Event: 831.974 GC heap after
{Heap after GC invocations=13274 (full 0):
 garbage-first heap   total 512000K, used 192512K [0x0000000080a00000, 0x0000000100000000)
  region size 1024K, 6 young (6144K), 6 survivors (6144K)
 Metaspace       used 1258K, committed 1408K, reserved 1114112K
  class space    used 104K, committed 192K, reserved 1048576K
}
Event: 832.015 GC heap before
{Heap before GC invocations=13275 (full 0):
 garbage-first heap   total 512000K, used 290816K [0x0000000080a00000, 0x0000000100000000)
  region size 1024K, 102 young (104448K), 6 survivors (6144K)
 Metaspace       used 1258K, committed 1408K, reserved 1114112K
  class space    used 104K, committed 192K, reserved 1048576K
}
Event: 832.051 GC heap after
{Heap after GC invocations=13276 (full 0):
 garbage-first heap   total 512000K, used 290816K [0x0000000080a00000, 0x0000000100000000)
  region size 1024K, 13 young (13312K), 13 survivors (13312K)
 Metaspace       used 1258K, committed 1408K, reserved 1114112K
  class space    used 104K, committed 192K, reserved 1048576K
}
Event: 832.076 GC heap before
{Heap before GC invocations=13276 (full 0):
 garbage-first heap   total 512000K, used 358400K [0x0000000080a00000, 0x0000000100000000)
  region size 1024K, 79 young (80896K), 13 survivors (13312K)
 Metaspace       used 1258K, committed 1408K, reserved 1114112K
  class space    used 104K, committed 192K, reserved 1048576K
}
Event: 832.101 GC heap after
{Heap after GC invocations=13277 (full 0):
 garbage-first heap   total 512000K, used 350720K [0x0000000080a00000, 0x0000000100000000)
  region size 1024K, 10 young (10240K), 10 survivors (10240K)
 Metaspace       used 1258K, committed 1408K, reserved 1114112K
  class space    used 104K, committed 192K, reserved 1048576K
}
Event: 832.117 GC heap before
{Heap before GC invocations=13277 (full 0):
 garbage-first heap   total 512000K, used 399872K [0x0000000080a00000, 0x0000000100000000)
  region size 1024K, 58 young (59392K), 10 survivors (10240K)
 Metaspace       used 1258K, committed 1408K, reserved 1114112K
  class space    used 104K, committed 192K, reserved 1048576K
}
Event: 832.143 GC heap after
{Heap after GC invocations=13278 (full 0):
 garbage-first heap   total 1142784K, used 400384K [0x0000000080a00000, 0x0000000100000000)
  region size 1024K, 8 young (8192K), 8 survivors (8192K)
 Metaspace       used 1258K, committed 1408K, reserved 1114112K
  class space    used 104K, committed 192K, reserved 1048576K
}
Event: 832.280 GC heap before
{Heap before GC invocations=13279 (full 0):
 garbage-first heap   total 519168K, used 386048K [0x0000000080a00000, 0x0000000100000000)
  region size 1024K, 234 young (239616K), 8 survivors (8192K)
 Metaspace       used 1258K, committed 1408K, reserved 1114112K
  class space    used 104K, committed 192K, reserved 1048576K
}
Event: 832.331 GC heap after
{Heap after GC invocations=13280 (full 0):
 garbage-first heap   total 527360K, used 287744K [0x0000000080a00000, 0x0000000100000000)
  region size 1024K, 30 young (30720K), 30 survivors (30720K)
 Metaspace       used 1258K, committed 1408K, reserved 1114112K
  class space    used 104K, committed 192K, reserved 1048576K
}
Event: 832.357 GC heap before
{Heap before GC invocations=13280 (full 0):
 garbage-first heap   total 527360K, used 361472K [0x0000000080a00000, 0x0000000100000000)
  region size 1024K, 102 young (104448K), 30 survivors (30720K)
 Metaspace       used 1258K, committed 1408K, reserved 1114112K
  class space    used 104K, committed 192K, reserved 1048576K
}
Event: 832.388 GC heap after
{Heap after GC invocations=13281 (full 0):
 garbage-first heap   total 527360K, used 344576K [0x0000000080a00000, 0x0000000100000000)
  region size 1024K, 13 young (13312K), 13 survivors (13312K)
 Metaspace       used 1258K, committed 1408K, reserved 1114112K
  class space    used 104K, committed 192K, reserved 1048576K
}
Event: 832.408 GC heap before
{Heap before GC invocations=13281 (full 0):
 garbage-first heap   total 527360K, used 400896K [0x0000000080a00000, 0x0000000100000000)
  region size 1024K, 68 young (69632K), 13 survivors (13312K)
 Metaspace       used 1258K, committed 1408K, reserved 1114112K
  class space    used 104K, committed 192K, reserved 1048576K
}
Event: 832.432 GC heap after
{Heap after GC invocations=13282 (full 0):
 garbage-first heap   total 527360K, used 401408K [0x0000000080a00000, 0x0000000100000000)
  region size 1024K, 9 young (9216K), 9 survivors (9216K)
 Metaspace       used 1258K, committed 1408K, reserved 1114112K
  class space    used 104K, committed 192K, reserved 1048576K
}
Event: 832.498 GC heap before
{Heap before GC invocations=13282 (full 0):
 garbage-first heap   total 527360K, used 205824K [0x0000000080a00000, 0x0000000100000000)
  region size 1024K, 46 young (47104K), 9 survivors (9216K)
 Metaspace       used 1258K, committed 1408K, reserved 1114112K
  class space    used 104K, committed 192K, reserved 1048576K
}
Event: 832.514 GC heap after
{Heap after GC invocations=13283 (full 0):
 garbage-first heap   total 527360K, used 205824K [0x0000000080a00000, 0x0000000100000000)
  region size 1024K, 6 young (6144K), 6 survivors (6144K)
 Metaspace       used 1258K, committed 1408K, reserved 1114112K
  class space    used 104K, committed 192K, reserved 1048576K
}
Event: 832.560 GC heap before
{Heap before GC invocations=13284 (full 0):
 garbage-first heap   total 527360K, used 305152K [0x0000000080a00000, 0x0000000100000000)
  region size 1024K, 103 young (105472K), 6 survivors (6144K)
 Metaspace       used 1258K, committed 1408K, reserved 1114112K
  class space    used 104K, committed 192K, reserved 1048576K
}

