# JRE version: OpenJDK Runtime Environment (21.0.2+13) (build 21.0.2+13-58)
# Java VM: OpenJDK 64-Bit Server VM (21.0.2+13-58, mixed mode, sharing, tiered, compressed oops, compressed class ptrs, g1 gc, windows-amd64)
GC Precious Log:
 CardTable entry size: 512
 Card Set container configuration: InlinePtr #cards 5 size 8 Array Of Cards #cards 12 size 40 Howl #buckets 4 coarsen threshold 1843 Howl Bitmap #cards 512 size 80 coarsen threshold 460 Card regions per heap region 1 cards per card region 2048
 CPUs: 2 total, 2 available
 Memory: 8145M
 Large Page Support: Disabled
 NUMA Support: Disabled
 Compressed Oops: Enabled (32-bit)
 Heap Region Size: 1M
 Heap Min Capacity: 8M
 Heap Initial Capacity: 128M
 Heap Max Capacity: 2038M
 Pre-touch: Disabled
 Parallel Workers: 2
 Concurrent Workers: 1
 Concurrent Refinement Workers: 2
 Periodic GC: Disabled
Heap:
 garbage-first heap   total 524288K, used 370688K [0x0000000080a00000, 0x0000000100000000)
  region size 1024K, 76 young (77824K), 10 survivors (10240K)
 Metaspace       used 1270K, committed 1408K, reserved 1114112K
  class space    used 104K, committed 192K, reserved 1048576K
GC Heap History (20 events):
Event: 229.513 GC heap after
{Heap after GC invocations=2498 (full 0):
 garbage-first heap   total 528384K, used 402432K [0x0000000080a00000, 0x0000000100000000)
  region size 1024K, 9 young (9216K), 9 survivors (9216K)
 Metaspace       used 1270K, committed 1408K, reserved 1114112K
  class space    used 104K, committed 192K, reserved 1048576K
}
Event: 229.588 GC heap before
{Heap before GC invocations=2498 (full 0):
 garbage-first heap   total 528384K, used 208896K [0x0000000080a00000, 0x0000000100000000)
  region size 1024K, 46 young (47104K), 9 survivors (9216K)
 Metaspace       used 1270K, committed 1408K, reserved 1114112K
  class space    used 104K, committed 192K, reserved 1048576K
}
Event: 229.605 GC heap after
{Heap after GC invocations=2499 (full 0):
 garbage-first heap   total 528384K, used 208896K [0x0000000080a00000, 0x0000000100000000)
  region size 1024K, 6 young (6144K), 6 survivors (6144K)
 Metaspace       used 1270K, committed 1408K, reserved 1114112K
  class space    used 104K, committed 192K, reserved 1048576K
}
Event: 229.656 GC heap before
{Heap before GC invocations=2500 (full 0):
 garbage-first heap   total 528384K, used 307200K [0x0000000080a00000, 0x0000000100000000)
  region size 1024K, 102 young (104448K), 6 survivors (6144K)
 Metaspace       used 1270K, committed 1408K, reserved 1114112K
  class space    used 104K, committed 192K, reserved 1048576K
}
Event: 229.694 GC heap after
{Heap after GC invocations=2501 (full 0):
 garbage-first heap   total 528384K, used 307712K [0x0000000080a00000, 0x0000000100000000)
  region size 1024K, 13 young (13312K), 13 survivors (13312K)
 Metaspace       used 1270K, committed 1408K, reserved 1114112K
  class space    used 104K, committed 192K, reserved 1048576K
}
Event: 229.718 GC heap before
{Heap before GC invocations=2501 (full 0):
 garbage-first heap   total 528384K, used 375296K [0x0000000080a00000, 0x0000000100000000)
  region size 1024K, 79 young (80896K), 13 survivors (13312K)
 Metaspace       used 1270K, committed 1408K, reserved 1114112K
  class space    used 104K, committed 192K, reserved 1048576K
}
Event: 229.743 GC heap after
{Heap after GC invocations=2502 (full 0):
 garbage-first heap   total 528384K, used 357376K [0x0000000080a00000, 0x0000000100000000)
  region size 1024K, 10 young (10240K), 10 survivors (10240K)
 Metaspace       used 1270K, committed 1408K, reserved 1114112K
  class space    used 104K, committed 192K, reserved 1048576K
}
Event: 229.784 GC heap before
{Heap before GC invocations=2502 (full 0):
 garbage-first heap   total 528384K, used 409600K [0x0000000080a00000, 0x0000000100000000)
  region size 1024K, 61 young (62464K), 10 survivors (10240K)
 Metaspace       used 1270K, committed 1408K, reserved 1114112K
  class space    used 104K, committed 192K, reserved 1048576K
}
Event: 229.809 GC heap after
{Heap after GC invocations=2503 (full 0):
 garbage-first heap   total 1152000K, used 410112K [0x0000000080a00000, 0x0000000100000000)
  region size 1024K, 8 young (8192K), 8 survivors (8192K)
 Metaspace       used 1270K, committed 1408K, reserved 1114112K
  class space    used 104K, committed 192K, reserved 1048576K
}
Event: 229.965 GC heap before
{Heap before GC invocations=2504 (full 0):
 garbage-first heap   total 512000K, used 382464K [0x0000000080a00000, 0x0000000100000000)
  region size 1024K, 233 young (238592K), 8 survivors (8192K)
 Metaspace       used 1270K, committed 1408K, reserved 1114112K
  class space    used 104K, committed 192K, reserved 1048576K
}
Event: 230.021 GC heap after
{Heap after GC invocations=2505 (full 0):
 garbage-first heap   total 524288K, used 285184K [0x0000000080a00000, 0x0000000100000000)
  region size 1024K, 30 young (30720K), 30 survivors (30720K)
 Metaspace       used 1270K, committed 1408K, reserved 1114112K
  class space    used 104K, committed 192K, reserved 1048576K
}
Event: 230.052 GC heap before
{Heap before GC invocations=2505 (full 0):
 garbage-first heap   total 524288K, used 358912K [0x0000000080a00000, 0x0000000100000000)
  region size 1024K, 102 young (104448K), 30 survivors (30720K)
 Metaspace       used 1270K, committed 1408K, reserved 1114112K
  class space    used 104K, committed 192K, reserved 1048576K
}
Event: 230.086 GC heap after
{Heap after GC invocations=2506 (full 0):
 garbage-first heap   total 524288K, used 350208K [0x0000000080a00000, 0x0000000100000000)
  region size 1024K, 13 young (13312K), 13 survivors (13312K)
 Metaspace       used 1270K, committed 1408K, reserved 1114112K
  class space    used 104K, committed 192K, reserved 1048576K
}
Event: 230.109 GC heap before
{Heap before GC invocations=2506 (full 0):
 garbage-first heap   total 524288K, used 403456K [0x0000000080a00000, 0x0000000100000000)
  region size 1024K, 65 young (66560K), 13 survivors (13312K)
 Metaspace       used 1270K, committed 1408K, reserved 1114112K
  class space    used 104K, committed 192K, reserved 1048576K
}
Event: 230.133 GC heap after
{Heap after GC invocations=2507 (full 0):
 garbage-first heap   total 524288K, used 403968K [0x0000000080a00000, 0x0000000100000000)
  region size 1024K, 9 young (9216K), 9 survivors (9216K)
 Metaspace       used 1270K, committed 1408K, reserved 1114112K
  class space    used 104K, committed 192K, reserved 1048576K
}
Event: 230.206 GC heap before
{Heap before GC invocations=2507 (full 0):
 garbage-first heap   total 524288K, used 203776K [0x0000000080a00000, 0x0000000100000000)
  region size 1024K, 44 young (45056K), 9 survivors (9216K)
 Metaspace       used 1270K, committed 1408K, reserved 1114112K
  class space    used 104K, committed 192K, reserved 1048576K
}
Event: 230.223 GC heap after
{Heap after GC invocations=2508 (full 0):
 garbage-first heap   total 524288K, used 204288K [0x0000000080a00000, 0x0000000100000000)
  region size 1024K, 6 young (6144K), 6 survivors (6144K)
 Metaspace       used 1270K, committed 1408K, reserved 1114112K
  class space    used 104K, committed 192K, reserved 1048576K
}
Event: 230.274 GC heap before
{Heap before GC invocations=2509 (full 0):
 garbage-first heap   total 524288K, used 302592K [0x0000000080a00000, 0x0000000100000000)
  region size 1024K, 102 young (104448K), 6 survivors (6144K)
 Metaspace       used 1270K, committed 1408K, reserved 1114112K
  class space    used 104K, committed 192K, reserved 1048576K
}
Event: 230.312 GC heap after
{Heap after GC invocations=2510 (full 0):
 garbage-first heap   total 524288K, used 303104K [0x0000000080a00000, 0x0000000100000000)
  region size 1024K, 13 young (13312K), 13 survivors (13312K)
 Metaspace       used 1270K, committed 1408K, reserved 1114112K
  class space    used 104K, committed 192K, reserved 1048576K
}
Event: 230.337 GC heap before
{Heap before GC invocations=2510 (full 0):
 garbage-first heap   total 524288K, used 370688K [0x0000000080a00000, 0x0000000100000000)
  region size 1024K, 79 young (80896K), 13 survivors (13312K)
 Metaspace       used 1270K, committed 1408K, reserved 1114112K
  class space    used 104K, committed 192K, reserved 1048576K
}

